<?xml version="1.0" encoding="UTF-8"?>
<testsuite xmlns:xsi="http://www.w3.org/2001/XMLSchema-instance" xsi:noNamespaceSchemaLocation="https://maven.apache.org/surefire/maven-surefire-plugin/xsd/surefire-test-report-3.0.xsd" version="3.0" name="test.java.org.fpij.jitakyoei.util.CorFaixaTest" time="0.001" tests="3" errors="0" skipped="0" failures="0">
  <properties>
    <property name="sun.desktop" value="windows"/>
    <property name="awt.toolkit" value="sun.awt.windows.WToolkit"/>
    <property name="file.encoding.pkg" value="sun.io"/>
    <property name="java.specification.version" value="1.8"/>
    <property name="sun.cpu.isalist" value="amd64"/>
    <property name="sun.jnu.encoding" value="Cp1252"/>
    <property name="java.class.path" value="C:\Users\ferdi\OneDrive\Área de Trabalho\Sistema-de-Judocas\target\test-classes;C:\Users\ferdi\OneDrive\Área de Trabalho\Sistema-de-Judocas\target\classes;C:\Users\ferdi\.m2\repository\junit\junit\4.13.2\junit-4.13.2.jar;C:\Users\ferdi\.m2\repository\org\hamcrest\hamcrest-core\1.3\hamcrest-core-1.3.jar;C:\Users\ferdi\OneDrive\Área de Trabalho\Sistema-de-Judocas\lib\db4o-7.4.106.13438-java5.jar;C:\Users\ferdi\OneDrive\Área de Trabalho\Sistema-de-Judocas\lib\forms.jar;C:\Users\ferdi\OneDrive\Área de Trabalho\Sistema-de-Judocas\lib\jcalendar-1.3.3.jar;C:\Users\ferdi\OneDrive\Área de Trabalho\Sistema-de-Judocas\lib\PgsLookAndFeel.jar;C:\Users\ferdi\OneDrive\Área de Trabalho\Sistema-de-Judocas\lib\TableLayout.jar;C:\Users\ferdi\OneDrive\Área de Trabalho\Sistema-de-Judocas\lib\TableLayout-javadoc.jar;C:\Users\ferdi\OneDrive\Área de Trabalho\Sistema-de-Judocas\lib\TableLayout-src.jar;C:\Users\ferdi\OneDrive\Área de Trabalho\Sistema-de-Judocas\lib\genesis\dist\genesis-annotation-jdk5-3.2.jar;C:\Users\ferdi\OneDrive\Área de Trabalho\Sistema-de-Judocas\lib\genesis\dist\genesis-client-3.2.jar;C:\Users\ferdi\OneDrive\Área de Trabalho\Sistema-de-Judocas\lib\genesis\dist\genesis-client-swing-3.2.jar;C:\Users\ferdi\OneDrive\Área de Trabalho\Sistema-de-Judocas\lib\genesis\dist\genesis-shared-annotated-3.2.jar;C:\Users\ferdi\OneDrive\Área de Trabalho\Sistema-de-Judocas\lib\genesis\lib\commons\commons-beanutils-1.7.jar;C:\Users\ferdi\OneDrive\Área de Trabalho\Sistema-de-Judocas\lib\genesis\lib\commons\commons-logging-1.1.jar;C:\Users\ferdi\OneDrive\Área de Trabalho\Sistema-de-Judocas\lib\genesis\lib\commons\reusable-components-20060810.jar;C:\Users\ferdi\OneDrive\Área de Trabalho\Sistema-de-Judocas\lib\genesis\lib\backport175\backport175-1.1.RC1-snapshot.jar;C:\Users\ferdi\.m2\repository\org\mockito\mockito-core\3.12.4\mockito-core-3.12.4.jar;C:\Users\ferdi\.m2\repository\net\bytebuddy\byte-buddy\1.11.13\byte-buddy-1.11.13.jar;C:\Users\ferdi\.m2\repository\net\bytebuddy\byte-buddy-agent\1.11.13\byte-buddy-agent-1.11.13.jar;C:\Users\ferdi\.m2\repository\org\objenesis\objenesis\3.2\objenesis-3.2.jar;"/>
    <property name="java.vm.vendor" value="Oracle Corporation"/>
    <property name="sun.arch.data.model" value="64"/>
    <property name="user.variant" value=""/>
    <property name="java.vendor.url" value="http://java.oracle.com/"/>
    <property name="user.timezone" value="America/Sao_Paulo"/>
    <property name="java.vm.specification.version" value="1.8"/>
    <property name="os.name" value="Windows 10"/>
    <property name="user.country" value="BR"/>
    <property name="sun.java.launcher" value="SUN_STANDARD"/>
    <property name="sun.boot.library.path" value="C:\Program Files\Java\jdk1.8.0_202\jre\bin"/>
    <property name="sun.java.command" value="C:\Users\ferdi\AppData\Local\Temp\surefire4195799754863171404\surefirebooter1814143088492431660.jar C:\Users\ferdi\AppData\Local\Temp\surefire4195799754863171404 2024-12-02T23-03-26_693-jvmRun1 surefire256738355903465670tmp surefire_09061939088346362454tmp"/>
    <property name="surefire.test.class.path" value="C:\Users\ferdi\OneDrive\Área de Trabalho\Sistema-de-Judocas\target\test-classes;C:\Users\ferdi\OneDrive\Área de Trabalho\Sistema-de-Judocas\target\classes;C:\Users\ferdi\.m2\repository\junit\junit\4.13.2\junit-4.13.2.jar;C:\Users\ferdi\.m2\repository\org\hamcrest\hamcrest-core\1.3\hamcrest-core-1.3.jar;C:\Users\ferdi\OneDrive\Área de Trabalho\Sistema-de-Judocas\lib\db4o-7.4.106.13438-java5.jar;C:\Users\ferdi\OneDrive\Área de Trabalho\Sistema-de-Judocas\lib\forms.jar;C:\Users\ferdi\OneDrive\Área de Trabalho\Sistema-de-Judocas\lib\jcalendar-1.3.3.jar;C:\Users\ferdi\OneDrive\Área de Trabalho\Sistema-de-Judocas\lib\PgsLookAndFeel.jar;C:\Users\ferdi\OneDrive\Área de Trabalho\Sistema-de-Judocas\lib\TableLayout.jar;C:\Users\ferdi\OneDrive\Área de Trabalho\Sistema-de-Judocas\lib\TableLayout-javadoc.jar;C:\Users\ferdi\OneDrive\Área de Trabalho\Sistema-de-Judocas\lib\TableLayout-src.jar;C:\Users\ferdi\OneDrive\Área de Trabalho\Sistema-de-Judocas\lib\genesis\dist\genesis-annotation-jdk5-3.2.jar;C:\Users\ferdi\OneDrive\Área de Trabalho\Sistema-de-Judocas\lib\genesis\dist\genesis-client-3.2.jar;C:\Users\ferdi\OneDrive\Área de Trabalho\Sistema-de-Judocas\lib\genesis\dist\genesis-client-swing-3.2.jar;C:\Users\ferdi\OneDrive\Área de Trabalho\Sistema-de-Judocas\lib\genesis\dist\genesis-shared-annotated-3.2.jar;C:\Users\ferdi\OneDrive\Área de Trabalho\Sistema-de-Judocas\lib\genesis\lib\commons\commons-beanutils-1.7.jar;C:\Users\ferdi\OneDrive\Área de Trabalho\Sistema-de-Judocas\lib\genesis\lib\commons\commons-logging-1.1.jar;C:\Users\ferdi\OneDrive\Área de Trabalho\Sistema-de-Judocas\lib\genesis\lib\commons\reusable-components-20060810.jar;C:\Users\ferdi\OneDrive\Área de Trabalho\Sistema-de-Judocas\lib\genesis\lib\backport175\backport175-1.1.RC1-snapshot.jar;C:\Users\ferdi\.m2\repository\org\mockito\mockito-core\3.12.4\mockito-core-3.12.4.jar;C:\Users\ferdi\.m2\repository\net\bytebuddy\byte-buddy\1.11.13\byte-buddy-1.11.13.jar;C:\Users\ferdi\.m2\repository\net\bytebuddy\byte-buddy-agent\1.11.13\byte-buddy-agent-1.11.13.jar;C:\Users\ferdi\.m2\repository\org\objenesis\objenesis\3.2\objenesis-3.2.jar;"/>
    <property name="sun.cpu.endian" value="little"/>
    <property name="user.home" value="C:\Users\ferdi"/>
    <property name="user.language" value="pt"/>
    <property name="java.specification.vendor" value="Oracle Corporation"/>
    <property name="java.home" value="C:\Program Files\Java\jdk1.8.0_202\jre"/>
    <property name="basedir" value="C:\Users\ferdi\OneDrive\Área de Trabalho\Sistema-de-Judocas"/>
    <property name="file.separator" value="\"/>
    <property name="line.separator" value="&#10;"/>
    <property name="java.vm.specification.vendor" value="Oracle Corporation"/>
    <property name="java.specification.name" value="Java Platform API Specification"/>
    <property name="java.awt.graphicsenv" value="sun.awt.Win32GraphicsEnvironment"/>
    <property name="surefire.real.class.path" value="C:\Users\ferdi\AppData\Local\Temp\surefire4195799754863171404\surefirebooter1814143088492431660.jar;C:\\Users\\ferdi\\.m2\\repository\\org\\jacoco\\org.jacoco.agent\\0.8.7\\org.jacoco.agent-0.8.7-runtime.jar"/>
    <property name="sun.boot.class.path" value="C:\Program Files\Java\jdk1.8.0_202\jre\lib\resources.jar;C:\Program Files\Java\jdk1.8.0_202\jre\lib\rt.jar;C:\Program Files\Java\jdk1.8.0_202\jre\lib\sunrsasign.jar;C:\Program Files\Java\jdk1.8.0_202\jre\lib\jsse.jar;C:\Program Files\Java\jdk1.8.0_202\jre\lib\jce.jar;C:\Program Files\Java\jdk1.8.0_202\jre\lib\charsets.jar;C:\Program Files\Java\jdk1.8.0_202\jre\lib\jfr.jar;C:\Program Files\Java\jdk1.8.0_202\jre\classes"/>
    <property name="user.script" value=""/>
    <property name="sun.management.compiler" value="HotSpot 64-Bit Tiered Compilers"/>
    <property name="java.runtime.version" value="1.8.0_202-b08"/>
    <property name="user.name" value="ferdi"/>
    <property name="path.separator" value=";"/>
    <property name="os.version" value="10.0"/>
    <property name="java.endorsed.dirs" value="C:\Program Files\Java\jdk1.8.0_202\jre\lib\endorsed"/>
    <property name="java.runtime.name" value="Java(TM) SE Runtime Environment"/>
    <property name="file.encoding" value="Cp1252"/>
    <property name="java.vm.name" value="Java HotSpot(TM) 64-Bit Server VM"/>
    <property name="localRepository" value="C:\Users\ferdi\.m2\repository"/>
    <property name="java.vendor.url.bug" value="http://bugreport.sun.com/bugreport/"/>
    <property name="java.io.tmpdir" value="C:\Users\ferdi\AppData\Local\Temp\"/>
    <property name="java.version" value="1.8.0_202"/>
    <property name="user.dir" value="C:\Users\ferdi\OneDrive\Área de Trabalho\Sistema-de-Judocas"/>
    <property name="os.arch" value="amd64"/>
    <property name="java.vm.specification.name" value="Java Virtual Machine Specification"/>
    <property name="java.awt.printerjob" value="sun.awt.windows.WPrinterJob"/>
    <property name="sun.os.patch.level" value=""/>
    <property name="java.library.path" value="C:\Program Files\Java\jdk1.8.0_202\jre\bin;C:\WINDOWS\Sun\Java\bin;C:\WINDOWS\system32;C:\WINDOWS;C:\Program Files\Common Files\Oracle\Java\javapath;C:\Program Files (x86)\Common Files\Oracle\Java\java8path;C:\Program Files (x86)\Common Files\Oracle\Java\javapath;C:\WINDOWS\system32;C:\WINDOWS;C:\WINDOWS\System32\Wbem;C:\WINDOWS\System32\WindowsPowerShell\v1.0\;C:\WINDOWS\System32\OpenSSH\;C:\Program Files (x86)\Microsoft SQL Server\160\Tools\Binn\;C:\Program Files\Microsoft SQL Server\160\Tools\Binn\;C:\Program Files\Microsoft SQL Server\Client SDK\ODBC\170\Tools\Binn\;C:\Program Files\Microsoft SQL Server\160\DTS\Binn\;C:\Program Files (x86)\Microsoft SQL Server\160\DTS\Binn\;C:\Program Files\Microsoft SQL Server\150\Tools\Binn\;C:\apache-maven-3.9.9\bin;C:\Users\ferdi\AppData\Local\Programs\Python\Python312\Scripts\;C:\Users\ferdi\AppData\Local\Programs\Python\Python312\;C:\Users\ferdi\AppData\Local\Programs\Python\Launcher\;C:\Users\ferdi\AppData\Local\Microsoft\WindowsApps;C:\Users\ferdi\AppData\Local\Programs\Microsoft VS Code\bin;C:\apache-maven-3.9.9\bin;C:\Program Files\Java\jdk1.8.0_202\bin;;."/>
    <property name="java.vm.info" value="mixed mode"/>
    <property name="java.vendor" value="Oracle Corporation"/>
    <property name="java.vm.version" value="25.202-b08"/>
    <property name="java.ext.dirs" value="C:\Program Files\Java\jdk1.8.0_202\jre\lib\ext;C:\WINDOWS\Sun\Java\lib\ext"/>
    <property name="sun.io.unicode.encoding" value="UnicodeLittle"/>
    <property name="java.class.version" value="52.0"/>
  </properties>
  <testcase name="testGetDescricao" classname="test.java.org.fpij.jitakyoei.util.CorFaixaTest" time="0"/>
  <testcase name="testToString" classname="test.java.org.fpij.jitakyoei.util.CorFaixaTest" time="0"/>
  <testcase name="testGetCoresFaixa" classname="test.java.org.fpij.jitakyoei.util.CorFaixaTest" time="0"/>
</testsuite>